c:\users\my pc\source\repos\neodyum\neodyum\neodyum\x64\debug\vc143.pdb
c:\users\my pc\source\repos\neodyum\neodyum\neodyum\x64\debug\vc143.idb
c:\users\my pc\source\repos\neodyum\neodyum\neodyum\x64\debug\neodyum.obj
c:\users\my pc\source\repos\neodyum\neodyum\neodyum\x64\debug\neodyum.ilk
c:\users\my pc\source\repos\neodyum\neodyum\x64\debug\neodyum.exe
c:\users\my pc\source\repos\neodyum\neodyum\x64\debug\neodyum.pdb
c:\users\my pc\source\repos\neodyum\neodyum\x64\debug\sfml-audio-d-3.dll
c:\users\my pc\source\repos\neodyum\neodyum\x64\debug\sfml-system-d-3.dll
c:\users\my pc\source\repos\neodyum\neodyum\x64\debug\vorbis.dll
c:\users\my pc\source\repos\neodyum\neodyum\x64\debug\ogg.dll
c:\users\my pc\source\repos\neodyum\neodyum\x64\debug\vorbisfile.dll
c:\users\my pc\source\repos\neodyum\neodyum\x64\debug\vorbisenc.dll
c:\users\my pc\source\repos\neodyum\neodyum\x64\debug\flac.dll
c:\users\my pc\source\repos\neodyum\neodyum\neodyum\x64\debug\neodyum.res
c:\users\my pc\source\repos\neodyum\neodyum\neodyum\x64\debug\neodyum.tlog\cl.command.1.tlog
c:\users\my pc\source\repos\neodyum\neodyum\neodyum\x64\debug\neodyum.tlog\cl.read.1.tlog
c:\users\my pc\source\repos\neodyum\neodyum\neodyum\x64\debug\neodyum.tlog\cl.write.1.tlog
c:\users\my pc\source\repos\neodyum\neodyum\neodyum\x64\debug\neodyum.tlog\link.command.1.tlog
c:\users\my pc\source\repos\neodyum\neodyum\neodyum\x64\debug\neodyum.tlog\link.read.1.tlog
c:\users\my pc\source\repos\neodyum\neodyum\neodyum\x64\debug\neodyum.tlog\link.write.1.tlog
c:\users\my pc\source\repos\neodyum\neodyum\neodyum\x64\debug\neodyum.tlog\neodyum.write.1u.tlog
c:\users\my pc\source\repos\neodyum\neodyum\neodyum\x64\debug\neodyum.tlog\rc.command.1.tlog
c:\users\my pc\source\repos\neodyum\neodyum\neodyum\x64\debug\neodyum.tlog\rc.read.1.tlog
c:\users\my pc\source\repos\neodyum\neodyum\neodyum\x64\debug\neodyum.tlog\rc.write.1.tlog
