  Neodyum.cpp
C:\Users\Living Room PC\source\repos\Neodyum\Neodyum\Neodyum\Neodyum.cpp(1106,29): warning C4305: '*=': truncation from 'double' to 'float'
C:\Users\Living Room PC\source\repos\Neodyum\Neodyum\Neodyum\Neodyum.cpp(1107,28): warning C4244: '-=': conversion from 'double' to 'float', possible loss of data
C:\Users\Living Room PC\source\repos\Neodyum\Neodyum\Neodyum\Neodyum.cpp(1115,34): warning C4244: '+=': conversion from 'double' to 'float', possible loss of data
C:\Users\Living Room PC\source\repos\Neodyum\Neodyum\Neodyum\Neodyum.cpp(1121,30): warning C4244: '+=': conversion from 'double' to 'float', possible loss of data
C:\Users\Living Room PC\source\repos\Neodyum\Neodyum\Neodyum\Neodyum.cpp(1127,29): warning C4305: '*=': truncation from 'double' to 'float'
C:\Users\Living Room PC\source\repos\Neodyum\Neodyum\Neodyum\Neodyum.cpp(1173,45): warning C4244: '=': conversion from 'int' to 'float', possible loss of data
C:\Users\Living Room PC\source\repos\Neodyum\Neodyum\Neodyum\Neodyum.cpp(1174,44): warning C4244: '=': conversion from 'int' to 'float', possible loss of data
C:\Users\Living Room PC\source\repos\Neodyum\Neodyum\Neodyum\Neodyum.cpp(1822,17): warning C4244: 'initializing': conversion from 'double' to 'float', possible loss of data
C:\Users\Living Room PC\source\repos\Neodyum\Neodyum\Neodyum\Neodyum.cpp(1823,17): warning C4244: 'initializing': conversion from 'double' to 'float', possible loss of data
C:\Users\Living Room PC\source\repos\Neodyum\Neodyum\Neodyum\Neodyum.cpp(1850,105): warning C4244: 'argument': conversion from 'double' to 'FLOAT', possible loss of data
C:\Users\Living Room PC\source\repos\Neodyum\Neodyum\Neodyum\Neodyum.cpp(1850,75): warning C4244: 'argument': conversion from 'double' to 'FLOAT', possible loss of data
C:\Users\Living Room PC\source\repos\Neodyum\Neodyum\Neodyum\Neodyum.cpp(1855,85): warning C4244: 'argument': conversion from 'double' to 'FLOAT', possible loss of data
C:\Users\Living Room PC\source\repos\Neodyum\Neodyum\Neodyum\Neodyum.cpp(1855,58): warning C4244: 'argument': conversion from 'double' to 'FLOAT', possible loss of data
C:\Users\Living Room PC\source\repos\Neodyum\Neodyum\Neodyum\Neodyum.cpp(1860,52): warning C4244: 'argument': conversion from 'double' to 'float', possible loss of data
C:\Users\Living Room PC\source\repos\Neodyum\Neodyum\Neodyum\Neodyum.cpp(1970,13): warning C4244: '=': conversion from 'int' to 'float', possible loss of data
C:\Users\Living Room PC\source\repos\Neodyum\Neodyum\Neodyum\Neodyum.cpp(1971,13): warning C4244: '=': conversion from 'int' to 'float', possible loss of data
C:\Users\Living Room PC\source\repos\Neodyum\Neodyum\Neodyum\Neodyum.cpp(1972,13): warning C4244: '=': conversion from 'int' to 'float', possible loss of data
C:\Users\Living Room PC\source\repos\Neodyum\Neodyum\Neodyum\Neodyum.cpp(1974,61): warning C4305: 'argument': truncation from 'double' to '_Ty'
C:\Users\Living Room PC\source\repos\Neodyum\Neodyum\Neodyum\Neodyum.cpp(1974,61): warning C4305:         with
C:\Users\Living Room PC\source\repos\Neodyum\Neodyum\Neodyum\Neodyum.cpp(1974,61): warning C4305:         [
C:\Users\Living Room PC\source\repos\Neodyum\Neodyum\Neodyum\Neodyum.cpp(1974,61): warning C4305:             _Ty=float
C:\Users\Living Room PC\source\repos\Neodyum\Neodyum\Neodyum\Neodyum.cpp(1974,61): warning C4305:         ]
C:\Users\Living Room PC\source\repos\Neodyum\Neodyum\Neodyum\Neodyum.cpp(1974,53): warning C4305: 'argument': truncation from 'double' to '_Ty'
C:\Users\Living Room PC\source\repos\Neodyum\Neodyum\Neodyum\Neodyum.cpp(1974,53): warning C4305:         with
C:\Users\Living Room PC\source\repos\Neodyum\Neodyum\Neodyum\Neodyum.cpp(1974,53): warning C4305:         [
C:\Users\Living Room PC\source\repos\Neodyum\Neodyum\Neodyum\Neodyum.cpp(1974,53): warning C4305:             _Ty=float
C:\Users\Living Room PC\source\repos\Neodyum\Neodyum\Neodyum\Neodyum.cpp(1974,53): warning C4305:         ]
C:\Users\Living Room PC\source\repos\Neodyum\Neodyum\Neodyum\Neodyum.cpp(1980,19): warning C4244: '+=': conversion from 'double' to 'float', possible loss of data
C:\Users\Living Room PC\source\repos\Neodyum\Neodyum\Neodyum\Neodyum.cpp(2314,12): warning C4305: 'initializing': truncation from 'double' to 'float'
C:\Users\Living Room PC\source\repos\Neodyum\Neodyum\Neodyum\Neodyum.cpp(2315,12): warning C4305: 'initializing': truncation from 'double' to 'float'
C:\Users\Living Room PC\source\repos\Neodyum\Neodyum\Neodyum\Neodyum.cpp(2316,12): warning C4305: 'initializing': truncation from 'double' to 'float'
C:\Users\Living Room PC\source\repos\Neodyum\Neodyum\Neodyum\Neodyum.cpp(2317,12): warning C4305: 'initializing': truncation from 'double' to 'float'
C:\Users\Living Room PC\source\repos\Neodyum\Neodyum\Neodyum\Neodyum.cpp(2318,12): warning C4305: 'initializing': truncation from 'double' to 'float'
C:\Users\Living Room PC\source\repos\Neodyum\Neodyum\Neodyum\Neodyum.cpp(2319,12): warning C4305: 'initializing': truncation from 'double' to 'float'
C:\Users\Living Room PC\source\repos\Neodyum\Neodyum\Neodyum\Neodyum.cpp(2320,13): warning C4305: 'initializing': truncation from 'double' to 'float'
C:\Users\Living Room PC\source\repos\Neodyum\Neodyum\Neodyum\Neodyum.cpp(2322,12): warning C4305: 'initializing': truncation from 'double' to 'float'
C:\Users\Living Room PC\source\repos\Neodyum\Neodyum\Neodyum\Neodyum.cpp(2323,12): warning C4305: 'initializing': truncation from 'double' to 'float'
C:\Users\Living Room PC\source\repos\Neodyum\Neodyum\Neodyum\Neodyum.cpp(2327,12): warning C4305: 'initializing': truncation from 'double' to 'float'
C:\Users\Living Room PC\source\repos\Neodyum\Neodyum\Neodyum\Neodyum.cpp(2328,12): warning C4305: 'initializing': truncation from 'double' to 'float'
C:\Users\Living Room PC\source\repos\Neodyum\Neodyum\Neodyum\Neodyum.cpp(2329,12): warning C4305: 'initializing': truncation from 'double' to 'float'
C:\Users\Living Room PC\source\repos\Neodyum\Neodyum\Neodyum\Neodyum.cpp(2330,12): warning C4305: 'initializing': truncation from 'double' to 'float'
C:\Users\Living Room PC\source\repos\Neodyum\Neodyum\Neodyum\Neodyum.cpp(2331,12): warning C4305: 'initializing': truncation from 'double' to 'float'
C:\Users\Living Room PC\source\repos\Neodyum\Neodyum\Neodyum\Neodyum.cpp(2334,12): warning C4305: 'initializing': truncation from 'double' to 'float'
C:\Users\Living Room PC\source\repos\Neodyum\Neodyum\Neodyum\Neodyum.cpp(2335,13): warning C4305: 'initializing': truncation from 'double' to 'float'
C:\Users\Living Room PC\source\repos\Neodyum\Neodyum\Neodyum\Neodyum.cpp(2336,13): warning C4305: 'initializing': truncation from 'double' to 'float'
C:\Users\Living Room PC\source\repos\Neodyum\Neodyum\Neodyum\Neodyum.cpp(2337,12): warning C4305: 'initializing': truncation from 'double' to 'float'
C:\Users\Living Room PC\source\repos\Neodyum\Neodyum\Neodyum\Neodyum.cpp(2338,12): warning C4305: 'initializing': truncation from 'double' to 'float'
C:\Users\Living Room PC\source\repos\Neodyum\Neodyum\Neodyum\Neodyum.cpp(2339,12): warning C4305: 'initializing': truncation from 'double' to 'float'
C:\Users\Living Room PC\source\repos\Neodyum\Neodyum\Neodyum\Neodyum.cpp(2340,12): warning C4305: 'initializing': truncation from 'double' to 'float'
C:\Users\Living Room PC\source\repos\Neodyum\Neodyum\Neodyum\Neodyum.cpp(2341,12): warning C4305: 'initializing': truncation from 'double' to 'float'
C:\Users\Living Room PC\source\repos\Neodyum\Neodyum\Neodyum\Neodyum.cpp(2342,13): warning C4305: 'initializing': truncation from 'double' to 'float'
C:\Users\Living Room PC\source\repos\Neodyum\Neodyum\Neodyum\Neodyum.cpp(2343,12): warning C4305: 'initializing': truncation from 'double' to 'float'
C:\Users\Living Room PC\source\repos\Neodyum\Neodyum\Neodyum\Neodyum.cpp(2344,13): warning C4305: 'initializing': truncation from 'double' to 'float'
C:\Users\Living Room PC\source\repos\Neodyum\Neodyum\Neodyum\Neodyum.cpp(2345,12): warning C4305: 'initializing': truncation from 'double' to 'float'
C:\Users\Living Room PC\source\repos\Neodyum\Neodyum\Neodyum\Neodyum.cpp(2349,9): warning C4305: 'initializing': truncation from 'double' to 'float'
C:\Users\Living Room PC\source\repos\Neodyum\Neodyum\Neodyum\Neodyum.cpp(2350,9): warning C4305: 'initializing': truncation from 'double' to 'float'
C:\Users\Living Room PC\source\repos\Neodyum\Neodyum\Neodyum\Neodyum.cpp(2353,9): warning C4305: 'initializing': truncation from 'double' to 'float'
C:\Users\Living Room PC\source\repos\Neodyum\Neodyum\Neodyum\Neodyum.cpp(2355,9): warning C4305: 'initializing': truncation from 'double' to 'float'
C:\Users\Living Room PC\source\repos\Neodyum\Neodyum\Neodyum\Neodyum.cpp(2357,9): warning C4305: 'initializing': truncation from 'double' to 'float'
C:\Users\Living Room PC\source\repos\Neodyum\Neodyum\Neodyum\Neodyum.cpp(2358,9): warning C4305: 'initializing': truncation from 'double' to 'float'
C:\Users\Living Room PC\source\repos\Neodyum\Neodyum\Neodyum\Neodyum.cpp(2359,9): warning C4305: 'initializing': truncation from 'double' to 'float'
C:\Users\Living Room PC\source\repos\Neodyum\Neodyum\Neodyum\Neodyum.cpp(2361,9): warning C4305: 'initializing': truncation from 'double' to 'float'
C:\Users\Living Room PC\source\repos\Neodyum\Neodyum\Neodyum\Neodyum.cpp(2363,9): warning C4305: 'initializing': truncation from 'double' to 'float'
C:\Users\Living Room PC\source\repos\Neodyum\Neodyum\Neodyum\Neodyum.cpp(2364,9): warning C4305: 'initializing': truncation from 'double' to 'float'
C:\Users\Living Room PC\source\repos\Neodyum\Neodyum\Neodyum\Neodyum.cpp(2366,9): warning C4305: 'initializing': truncation from 'double' to 'float'
C:\Users\Living Room PC\source\repos\Neodyum\Neodyum\Neodyum\Neodyum.cpp(2367,9): warning C4305: 'initializing': truncation from 'double' to 'float'
C:\Users\Living Room PC\source\repos\Neodyum\Neodyum\Neodyum\Neodyum.cpp(2368,9): warning C4305: 'initializing': truncation from 'double' to 'float'
C:\Users\Living Room PC\source\repos\Neodyum\Neodyum\Neodyum\Neodyum.cpp(2369,9): warning C4305: 'initializing': truncation from 'double' to 'float'
C:\Users\Living Room PC\source\repos\Neodyum\Neodyum\Neodyum\Neodyum.cpp(2371,9): warning C4305: 'initializing': truncation from 'double' to 'float'
C:\Users\Living Room PC\source\repos\Neodyum\Neodyum\Neodyum\Neodyum.cpp(2373,9): warning C4305: 'initializing': truncation from 'double' to 'float'
C:\Users\Living Room PC\source\repos\Neodyum\Neodyum\Neodyum\Neodyum.cpp(2375,9): warning C4305: 'initializing': truncation from 'double' to 'float'
C:\Users\Living Room PC\source\repos\Neodyum\Neodyum\Neodyum\Neodyum.cpp(2376,9): warning C4305: 'initializing': truncation from 'double' to 'float'
C:\Users\Living Room PC\source\repos\Neodyum\Neodyum\Neodyum\Neodyum.cpp(2377,9): warning C4305: 'initializing': truncation from 'double' to 'float'
C:\Users\Living Room PC\source\repos\Neodyum\Neodyum\Neodyum\Neodyum.cpp(2378,9): warning C4305: 'initializing': truncation from 'double' to 'float'
C:\Users\Living Room PC\source\repos\Neodyum\Neodyum\Neodyum\Neodyum.cpp(2382,9): warning C4305: 'initializing': truncation from 'double' to 'float'
C:\Users\Living Room PC\source\repos\Neodyum\Neodyum\Neodyum\Neodyum.cpp(2383,9): warning C4305: 'initializing': truncation from 'double' to 'float'
C:\Users\Living Room PC\source\repos\Neodyum\Neodyum\Neodyum\Neodyum.cpp(2384,9): warning C4305: 'initializing': truncation from 'double' to 'float'
C:\Users\Living Room PC\source\repos\Neodyum\Neodyum\Neodyum\Neodyum.cpp(2385,9): warning C4305: 'initializing': truncation from 'double' to 'float'
C:\Users\Living Room PC\source\repos\Neodyum\Neodyum\Neodyum\Neodyum.cpp(2554,21): warning C4244: 'initializing': conversion from 'double' to 'float', possible loss of data
C:\Users\Living Room PC\source\repos\Neodyum\Neodyum\Neodyum\Neodyum.cpp(2555,21): warning C4244: 'initializing': conversion from 'double' to 'float', possible loss of data
C:\Users\Living Room PC\source\repos\Neodyum\Neodyum\Neodyum\Neodyum.cpp(2561,59): warning C4244: 'argument': conversion from 'double' to 'float', possible loss of data
C:\Users\Living Room PC\source\repos\Neodyum\Neodyum\Neodyum\Neodyum.cpp(2561,36): warning C4244: 'argument': conversion from 'double' to 'float', possible loss of data
C:\Users\Living Room PC\source\repos\Neodyum\Neodyum\Neodyum\Neodyum.cpp(2562,60): warning C4244: 'argument': conversion from 'double' to 'float', possible loss of data
C:\Users\Living Room PC\source\repos\Neodyum\Neodyum\Neodyum\Neodyum.cpp(2562,36): warning C4244: 'argument': conversion from 'double' to 'float', possible loss of data
C:\Users\Living Room PC\source\repos\Neodyum\Neodyum\Neodyum\Neodyum.cpp(2563,60): warning C4244: 'argument': conversion from 'double' to 'float', possible loss of data
C:\Users\Living Room PC\source\repos\Neodyum\Neodyum\Neodyum\Neodyum.cpp(2563,36): warning C4244: 'argument': conversion from 'double' to 'float', possible loss of data
C:\Users\Living Room PC\source\repos\Neodyum\Neodyum\Neodyum\Neodyum.cpp(2564,60): warning C4244: 'argument': conversion from 'double' to 'float', possible loss of data
C:\Users\Living Room PC\source\repos\Neodyum\Neodyum\Neodyum\Neodyum.cpp(2564,36): warning C4244: 'argument': conversion from 'double' to 'float', possible loss of data
C:\Users\Living Room PC\source\repos\Neodyum\Neodyum\Neodyum\Neodyum.cpp(2565,60): warning C4244: 'argument': conversion from 'double' to 'float', possible loss of data
C:\Users\Living Room PC\source\repos\Neodyum\Neodyum\Neodyum\Neodyum.cpp(2565,36): warning C4244: 'argument': conversion from 'double' to 'float', possible loss of data
C:\Users\Living Room PC\source\repos\Neodyum\Neodyum\Neodyum\Neodyum.cpp(2566,60): warning C4244: 'argument': conversion from 'double' to 'float', possible loss of data
C:\Users\Living Room PC\source\repos\Neodyum\Neodyum\Neodyum\Neodyum.cpp(2566,36): warning C4244: 'argument': conversion from 'double' to 'float', possible loss of data
C:\Users\Living Room PC\source\repos\Neodyum\Neodyum\Neodyum\Neodyum.cpp(2567,60): warning C4244: 'argument': conversion from 'double' to 'float', possible loss of data
C:\Users\Living Room PC\source\repos\Neodyum\Neodyum\Neodyum\Neodyum.cpp(2567,36): warning C4244: 'argument': conversion from 'double' to 'float', possible loss of data
C:\Users\Living Room PC\source\repos\Neodyum\Neodyum\Neodyum\Neodyum.cpp(2568,60): warning C4244: 'argument': conversion from 'double' to 'float', possible loss of data
C:\Users\Living Room PC\source\repos\Neodyum\Neodyum\Neodyum\Neodyum.cpp(2568,36): warning C4244: 'argument': conversion from 'double' to 'float', possible loss of data
C:\Users\Living Room PC\source\repos\Neodyum\Neodyum\Neodyum\Neodyum.cpp(2569,60): warning C4244: 'argument': conversion from 'double' to 'float', possible loss of data
C:\Users\Living Room PC\source\repos\Neodyum\Neodyum\Neodyum\Neodyum.cpp(2569,36): warning C4244: 'argument': conversion from 'double' to 'float', possible loss of data
C:\Users\Living Room PC\source\repos\Neodyum\Neodyum\Neodyum\Neodyum.cpp(2570,60): warning C4244: 'argument': conversion from 'double' to 'float', possible loss of data
C:\Users\Living Room PC\source\repos\Neodyum\Neodyum\Neodyum\Neodyum.cpp(2570,36): warning C4244: 'argument': conversion from 'double' to 'float', possible loss of data
C:\Users\Living Room PC\source\repos\Neodyum\Neodyum\Neodyum\Neodyum.cpp(2571,60): warning C4244: 'argument': conversion from 'double' to 'float', possible loss of data
C:\Users\Living Room PC\source\repos\Neodyum\Neodyum\Neodyum\Neodyum.cpp(2571,36): warning C4244: 'argument': conversion from 'double' to 'float', possible loss of data
C:\Users\Living Room PC\source\repos\Neodyum\Neodyum\Neodyum\Neodyum.cpp(2572,60): warning C4244: 'argument': conversion from 'double' to 'float', possible loss of data
C:\Users\Living Room PC\source\repos\Neodyum\Neodyum\Neodyum\Neodyum.cpp(2572,36): warning C4244: 'argument': conversion from 'double' to 'float', possible loss of data
C:\Users\Living Room PC\source\repos\Neodyum\Neodyum\Neodyum\Neodyum.cpp(2573,60): warning C4244: 'argument': conversion from 'double' to 'float', possible loss of data
C:\Users\Living Room PC\source\repos\Neodyum\Neodyum\Neodyum\Neodyum.cpp(2573,36): warning C4244: 'argument': conversion from 'double' to 'float', possible loss of data
C:\Users\Living Room PC\source\repos\Neodyum\Neodyum\Neodyum\Neodyum.cpp(2574,60): warning C4244: 'argument': conversion from 'double' to 'float', possible loss of data
C:\Users\Living Room PC\source\repos\Neodyum\Neodyum\Neodyum\Neodyum.cpp(2574,36): warning C4244: 'argument': conversion from 'double' to 'float', possible loss of data
C:\Users\Living Room PC\source\repos\Neodyum\Neodyum\Neodyum\Neodyum.cpp(2575,60): warning C4244: 'argument': conversion from 'double' to 'float', possible loss of data
C:\Users\Living Room PC\source\repos\Neodyum\Neodyum\Neodyum\Neodyum.cpp(2575,36): warning C4244: 'argument': conversion from 'double' to 'float', possible loss of data
C:\Users\Living Room PC\source\repos\Neodyum\Neodyum\Neodyum\Neodyum.cpp(2576,60): warning C4244: 'argument': conversion from 'double' to 'float', possible loss of data
C:\Users\Living Room PC\source\repos\Neodyum\Neodyum\Neodyum\Neodyum.cpp(2576,36): warning C4244: 'argument': conversion from 'double' to 'float', possible loss of data
C:\Users\Living Room PC\source\repos\Neodyum\Neodyum\Neodyum\Neodyum.cpp(2577,60): warning C4244: 'argument': conversion from 'double' to 'float', possible loss of data
C:\Users\Living Room PC\source\repos\Neodyum\Neodyum\Neodyum\Neodyum.cpp(2577,36): warning C4244: 'argument': conversion from 'double' to 'float', possible loss of data
C:\Users\Living Room PC\source\repos\Neodyum\Neodyum\Neodyum\Neodyum.cpp(2578,60): warning C4244: 'argument': conversion from 'double' to 'float', possible loss of data
C:\Users\Living Room PC\source\repos\Neodyum\Neodyum\Neodyum\Neodyum.cpp(2578,36): warning C4244: 'argument': conversion from 'double' to 'float', possible loss of data
C:\Users\Living Room PC\source\repos\Neodyum\Neodyum\Neodyum\Neodyum.cpp(2579,60): warning C4244: 'argument': conversion from 'double' to 'float', possible loss of data
C:\Users\Living Room PC\source\repos\Neodyum\Neodyum\Neodyum\Neodyum.cpp(2579,36): warning C4244: 'argument': conversion from 'double' to 'float', possible loss of data
C:\Users\Living Room PC\source\repos\Neodyum\Neodyum\Neodyum\Neodyum.cpp(2580,60): warning C4244: 'argument': conversion from 'double' to 'float', possible loss of data
C:\Users\Living Room PC\source\repos\Neodyum\Neodyum\Neodyum\Neodyum.cpp(2580,36): warning C4244: 'argument': conversion from 'double' to 'float', possible loss of data
C:\Users\Living Room PC\source\repos\Neodyum\Neodyum\Neodyum\Neodyum.cpp(2581,60): warning C4244: 'argument': conversion from 'double' to 'float', possible loss of data
C:\Users\Living Room PC\source\repos\Neodyum\Neodyum\Neodyum\Neodyum.cpp(2581,36): warning C4244: 'argument': conversion from 'double' to 'float', possible loss of data
C:\Users\Living Room PC\source\repos\Neodyum\Neodyum\Neodyum\Neodyum.cpp(2582,60): warning C4244: 'argument': conversion from 'double' to 'float', possible loss of data
C:\Users\Living Room PC\source\repos\Neodyum\Neodyum\Neodyum\Neodyum.cpp(2582,36): warning C4244: 'argument': conversion from 'double' to 'float', possible loss of data
C:\Users\Living Room PC\source\repos\Neodyum\Neodyum\Neodyum\Neodyum.cpp(2583,60): warning C4244: 'argument': conversion from 'double' to 'float', possible loss of data
C:\Users\Living Room PC\source\repos\Neodyum\Neodyum\Neodyum\Neodyum.cpp(2583,36): warning C4244: 'argument': conversion from 'double' to 'float', possible loss of data
C:\Users\Living Room PC\source\repos\Neodyum\Neodyum\Neodyum\Neodyum.cpp(2584,60): warning C4244: 'argument': conversion from 'double' to 'float', possible loss of data
C:\Users\Living Room PC\source\repos\Neodyum\Neodyum\Neodyum\Neodyum.cpp(2584,36): warning C4244: 'argument': conversion from 'double' to 'float', possible loss of data
C:\Users\Living Room PC\source\repos\Neodyum\Neodyum\Neodyum\Neodyum.cpp(2585,60): warning C4244: 'argument': conversion from 'double' to 'float', possible loss of data
C:\Users\Living Room PC\source\repos\Neodyum\Neodyum\Neodyum\Neodyum.cpp(2585,36): warning C4244: 'argument': conversion from 'double' to 'float', possible loss of data
C:\Users\Living Room PC\source\repos\Neodyum\Neodyum\Neodyum\Neodyum.cpp(2586,60): warning C4244: 'argument': conversion from 'double' to 'float', possible loss of data
C:\Users\Living Room PC\source\repos\Neodyum\Neodyum\Neodyum\Neodyum.cpp(2586,36): warning C4244: 'argument': conversion from 'double' to 'float', possible loss of data
C:\Users\Living Room PC\source\repos\Neodyum\Neodyum\Neodyum\Neodyum.cpp(2587,60): warning C4244: 'argument': conversion from 'double' to 'float', possible loss of data
C:\Users\Living Room PC\source\repos\Neodyum\Neodyum\Neodyum\Neodyum.cpp(2587,36): warning C4244: 'argument': conversion from 'double' to 'float', possible loss of data
C:\Users\Living Room PC\source\repos\Neodyum\Neodyum\Neodyum\Neodyum.cpp(2588,60): warning C4244: 'argument': conversion from 'double' to 'float', possible loss of data
C:\Users\Living Room PC\source\repos\Neodyum\Neodyum\Neodyum\Neodyum.cpp(2588,36): warning C4244: 'argument': conversion from 'double' to 'float', possible loss of data
C:\Users\Living Room PC\source\repos\Neodyum\Neodyum\Neodyum\Neodyum.cpp(2589,60): warning C4244: 'argument': conversion from 'double' to 'float', possible loss of data
C:\Users\Living Room PC\source\repos\Neodyum\Neodyum\Neodyum\Neodyum.cpp(2589,36): warning C4244: 'argument': conversion from 'double' to 'float', possible loss of data
C:\Users\Living Room PC\source\repos\Neodyum\Neodyum\Neodyum\Neodyum.cpp(2590,60): warning C4244: 'argument': conversion from 'double' to 'float', possible loss of data
C:\Users\Living Room PC\source\repos\Neodyum\Neodyum\Neodyum\Neodyum.cpp(2590,36): warning C4244: 'argument': conversion from 'double' to 'float', possible loss of data
C:\Users\Living Room PC\source\repos\Neodyum\Neodyum\Neodyum\Neodyum.cpp(2591,60): warning C4244: 'argument': conversion from 'double' to 'float', possible loss of data
C:\Users\Living Room PC\source\repos\Neodyum\Neodyum\Neodyum\Neodyum.cpp(2591,36): warning C4244: 'argument': conversion from 'double' to 'float', possible loss of data
C:\Users\Living Room PC\source\repos\Neodyum\Neodyum\Neodyum\Neodyum.cpp(2592,59): warning C4244: 'argument': conversion from 'double' to 'float', possible loss of data
C:\Users\Living Room PC\source\repos\Neodyum\Neodyum\Neodyum\Neodyum.cpp(2592,36): warning C4244: 'argument': conversion from 'double' to 'float', possible loss of data
C:\Users\Living Room PC\source\repos\Neodyum\Neodyum\Neodyum\Neodyum.cpp(2593,58): warning C4244: 'argument': conversion from 'double' to 'float', possible loss of data
C:\Users\Living Room PC\source\repos\Neodyum\Neodyum\Neodyum\Neodyum.cpp(2593,35): warning C4244: 'argument': conversion from 'double' to 'float', possible loss of data
C:\Users\Living Room PC\source\repos\Neodyum\Neodyum\Neodyum\Neodyum.cpp(2732,49): warning C4244: 'initializing': conversion from 'double' to 'float', possible loss of data
C:\Users\Living Room PC\source\repos\Neodyum\Neodyum\Neodyum\Neodyum.cpp(2810,37): warning C4244: 'initializing': conversion from 'double' to 'float', possible loss of data
C:\Users\Living Room PC\source\repos\Neodyum\Neodyum\Neodyum\Neodyum.cpp(2811,37): warning C4244: 'initializing': conversion from 'double' to 'float', possible loss of data
C:\Users\Living Room PC\source\repos\Neodyum\Neodyum\Neodyum\Neodyum.cpp(2825,90): warning C4305: 'argument': truncation from 'double' to '_Ty'
C:\Users\Living Room PC\source\repos\Neodyum\Neodyum\Neodyum\Neodyum.cpp(2825,90): warning C4305:         with
C:\Users\Living Room PC\source\repos\Neodyum\Neodyum\Neodyum\Neodyum.cpp(2825,90): warning C4305:         [
C:\Users\Living Room PC\source\repos\Neodyum\Neodyum\Neodyum\Neodyum.cpp(2825,90): warning C4305:             _Ty=float
C:\Users\Living Room PC\source\repos\Neodyum\Neodyum\Neodyum\Neodyum.cpp(2825,90): warning C4305:         ]
C:\Users\Living Room PC\source\repos\Neodyum\Neodyum\Neodyum\Neodyum.cpp(2825,85): warning C4305: 'argument': truncation from 'double' to '_Ty'
C:\Users\Living Room PC\source\repos\Neodyum\Neodyum\Neodyum\Neodyum.cpp(2825,85): warning C4305:         with
C:\Users\Living Room PC\source\repos\Neodyum\Neodyum\Neodyum\Neodyum.cpp(2825,85): warning C4305:         [
C:\Users\Living Room PC\source\repos\Neodyum\Neodyum\Neodyum\Neodyum.cpp(2825,85): warning C4305:             _Ty=float
C:\Users\Living Room PC\source\repos\Neodyum\Neodyum\Neodyum\Neodyum.cpp(2825,85): warning C4305:         ]
C:\Users\Living Room PC\source\repos\Neodyum\Neodyum\Neodyum\Neodyum.cpp(2898,25): warning C4552: '-': result of expression not used
C:\Users\Living Room PC\source\repos\Neodyum\Neodyum\Neodyum\Neodyum.cpp(2979,90): warning C4305: 'argument': truncation from 'double' to '_Ty'
C:\Users\Living Room PC\source\repos\Neodyum\Neodyum\Neodyum\Neodyum.cpp(2979,90): warning C4305:         with
C:\Users\Living Room PC\source\repos\Neodyum\Neodyum\Neodyum\Neodyum.cpp(2979,90): warning C4305:         [
C:\Users\Living Room PC\source\repos\Neodyum\Neodyum\Neodyum\Neodyum.cpp(2979,90): warning C4305:             _Ty=float
C:\Users\Living Room PC\source\repos\Neodyum\Neodyum\Neodyum\Neodyum.cpp(2979,90): warning C4305:         ]
C:\Users\Living Room PC\source\repos\Neodyum\Neodyum\Neodyum\Neodyum.cpp(2979,85): warning C4305: 'argument': truncation from 'double' to '_Ty'
C:\Users\Living Room PC\source\repos\Neodyum\Neodyum\Neodyum\Neodyum.cpp(2979,85): warning C4305:         with
C:\Users\Living Room PC\source\repos\Neodyum\Neodyum\Neodyum\Neodyum.cpp(2979,85): warning C4305:         [
C:\Users\Living Room PC\source\repos\Neodyum\Neodyum\Neodyum\Neodyum.cpp(2979,85): warning C4305:             _Ty=float
C:\Users\Living Room PC\source\repos\Neodyum\Neodyum\Neodyum\Neodyum.cpp(2979,85): warning C4305:         ]
C:\Users\Living Room PC\source\repos\Neodyum\Neodyum\Neodyum\Neodyum.cpp(3145,34): warning C4244: 'initializing': conversion from 'double' to 'float', possible loss of data
C:\Users\Living Room PC\source\repos\Neodyum\Neodyum\Neodyum\Neodyum.cpp(3146,34): warning C4244: 'initializing': conversion from 'double' to 'float', possible loss of data
C:\Users\Living Room PC\source\repos\Neodyum\Neodyum\Neodyum\Neodyum.cpp(3208,82): warning C4305: 'argument': truncation from 'double' to '_Ty'
C:\Users\Living Room PC\source\repos\Neodyum\Neodyum\Neodyum\Neodyum.cpp(3208,82): warning C4305:         with
C:\Users\Living Room PC\source\repos\Neodyum\Neodyum\Neodyum\Neodyum.cpp(3208,82): warning C4305:         [
C:\Users\Living Room PC\source\repos\Neodyum\Neodyum\Neodyum\Neodyum.cpp(3208,82): warning C4305:             _Ty=float
C:\Users\Living Room PC\source\repos\Neodyum\Neodyum\Neodyum\Neodyum.cpp(3208,82): warning C4305:         ]
C:\Users\Living Room PC\source\repos\Neodyum\Neodyum\Neodyum\Neodyum.cpp(3208,77): warning C4305: 'argument': truncation from 'double' to '_Ty'
C:\Users\Living Room PC\source\repos\Neodyum\Neodyum\Neodyum\Neodyum.cpp(3208,77): warning C4305:         with
C:\Users\Living Room PC\source\repos\Neodyum\Neodyum\Neodyum\Neodyum.cpp(3208,77): warning C4305:         [
C:\Users\Living Room PC\source\repos\Neodyum\Neodyum\Neodyum\Neodyum.cpp(3208,77): warning C4305:             _Ty=float
C:\Users\Living Room PC\source\repos\Neodyum\Neodyum\Neodyum\Neodyum.cpp(3208,77): warning C4305:         ]
C:\Users\Living Room PC\source\repos\Neodyum\Neodyum\Neodyum\Neodyum.cpp(3450,79): warning C4244: '-=': conversion from 'double' to 'float', possible loss of data
C:\Users\Living Room PC\source\repos\Neodyum\Neodyum\Neodyum\Neodyum.cpp(3562,25): warning C4244: '=': conversion from 'double' to 'float', possible loss of data
C:\Users\Living Room PC\source\repos\Neodyum\Neodyum\Neodyum\Neodyum.cpp(3613,23): warning C4244: '=': conversion from 'FLOAT' to 'char', possible loss of data
C:\Users\Living Room PC\source\repos\Neodyum\Neodyum\Neodyum\Neodyum.cpp(3619,41): warning C4244: 'argument': conversion from 'double' to 'FLOAT', possible loss of data
C:\Users\Living Room PC\source\repos\Neodyum\Neodyum\Neodyum\Neodyum.cpp(3618,52): warning C4244: 'argument': conversion from 'double' to 'FLOAT', possible loss of data
C:\Users\Living Room PC\source\repos\Neodyum\Neodyum\Neodyum\Neodyum.cpp(3617,27): warning C4244: 'argument': conversion from 'double' to 'FLOAT', possible loss of data
C:\Users\Living Room PC\source\repos\Neodyum\Neodyum\Neodyum\Neodyum.cpp(3616,39): warning C4244: 'argument': conversion from 'double' to 'FLOAT', possible loss of data
C:\Users\Living Room PC\source\repos\Neodyum\Neodyum\Neodyum\Neodyum.cpp(3622,25): warning C4244: '+=': conversion from 'FLOAT' to 'char', possible loss of data
C:\Users\Living Room PC\source\repos\Neodyum\Neodyum\Neodyum\Neodyum.cpp(3637,25): warning C4244: '+=': conversion from 'FLOAT' to 'char', possible loss of data
C:\Users\Living Room PC\source\repos\Neodyum\Neodyum\Neodyum\Neodyum.cpp(3640,16): warning C4244: 'initializing': conversion from 'int' to 'float', possible loss of data
C:\Users\Living Room PC\source\repos\Neodyum\Neodyum\Neodyum\Neodyum.cpp(3657,25): warning C4244: '=': conversion from 'FLOAT' to 'char', possible loss of data
C:\Users\Living Room PC\source\repos\Neodyum\Neodyum\Neodyum\Neodyum.cpp(3663,41): warning C4244: 'argument': conversion from 'double' to 'FLOAT', possible loss of data
C:\Users\Living Room PC\source\repos\Neodyum\Neodyum\Neodyum\Neodyum.cpp(3662,45): warning C4244: 'argument': conversion from 'double' to 'FLOAT', possible loss of data
C:\Users\Living Room PC\source\repos\Neodyum\Neodyum\Neodyum\Neodyum.cpp(3661,27): warning C4244: 'argument': conversion from 'double' to 'FLOAT', possible loss of data
C:\Users\Living Room PC\source\repos\Neodyum\Neodyum\Neodyum\Neodyum.cpp(3660,30): warning C4244: 'argument': conversion from 'double' to 'FLOAT', possible loss of data
C:\Users\Living Room PC\source\repos\Neodyum\Neodyum\Neodyum\Neodyum.cpp(3680,13): warning C4244: 'argument': conversion from 'double' to 'FLOAT', possible loss of data
C:\Users\Living Room PC\source\repos\Neodyum\Neodyum\Neodyum\Neodyum.cpp(3679,42): warning C4244: 'argument': conversion from 'double' to 'FLOAT', possible loss of data
C:\Users\Living Room PC\source\repos\Neodyum\Neodyum\Neodyum\Neodyum.cpp(3678,13): warning C4244: 'argument': conversion from 'double' to 'FLOAT', possible loss of data
C:\Users\Living Room PC\source\repos\Neodyum\Neodyum\Neodyum\Neodyum.cpp(3677,27): warning C4244: 'argument': conversion from 'double' to 'FLOAT', possible loss of data
C:\Users\Living Room PC\source\repos\Neodyum\Neodyum\Neodyum\Neodyum.cpp(3695,13): warning C4244: 'argument': conversion from 'double' to 'FLOAT', possible loss of data
C:\Users\Living Room PC\source\repos\Neodyum\Neodyum\Neodyum\Neodyum.cpp(3694,27): warning C4244: 'argument': conversion from 'double' to 'FLOAT', possible loss of data
C:\Users\Living Room PC\source\repos\Neodyum\Neodyum\Neodyum\Neodyum.cpp(3693,13): warning C4244: 'argument': conversion from 'double' to 'FLOAT', possible loss of data
C:\Users\Living Room PC\source\repos\Neodyum\Neodyum\Neodyum\Neodyum.cpp(3692,42): warning C4244: 'argument': conversion from 'double' to 'FLOAT', possible loss of data
C:\Users\Living Room PC\source\repos\Neodyum\Neodyum\Neodyum\Neodyum.cpp(3710,61): warning C4244: 'argument': conversion from 'double' to 'FLOAT', possible loss of data
C:\Users\Living Room PC\source\repos\Neodyum\Neodyum\Neodyum\Neodyum.cpp(3709,61): warning C4244: 'argument': conversion from 'double' to 'FLOAT', possible loss of data
C:\Users\Living Room PC\source\repos\Neodyum\Neodyum\Neodyum\Neodyum.cpp(3708,61): warning C4244: 'argument': conversion from 'double' to 'FLOAT', possible loss of data
C:\Users\Living Room PC\source\repos\Neodyum\Neodyum\Neodyum\Neodyum.cpp(3707,61): warning C4244: 'argument': conversion from 'double' to 'FLOAT', possible loss of data
C:\Users\Living Room PC\source\repos\Neodyum\Neodyum\Neodyum\Neodyum.cpp(3722,21): warning C4244: '+=': conversion from 'FLOAT' to 'char', possible loss of data
C:\Users\Living Room PC\source\repos\Neodyum\Neodyum\Neodyum\Neodyum.cpp(3731,26): warning C4244: '+=': conversion from 'FLOAT' to 'char', possible loss of data
C:\Users\Living Room PC\source\repos\Neodyum\Neodyum\Neodyum\Neodyum.cpp(3740,42): warning C4244: 'argument': conversion from 'double' to 'FLOAT', possible loss of data
C:\Users\Living Room PC\source\repos\Neodyum\Neodyum\Neodyum\Neodyum.cpp(3739,9): warning C4244: 'argument': conversion from 'double' to 'FLOAT', possible loss of data
C:\Users\Living Room PC\source\repos\Neodyum\Neodyum\Neodyum\Neodyum.cpp(3738,27): warning C4244: 'argument': conversion from 'double' to 'FLOAT', possible loss of data
C:\Users\Living Room PC\source\repos\Neodyum\Neodyum\Neodyum\Neodyum.cpp(3737,26): warning C4244: 'argument': conversion from 'double' to 'FLOAT', possible loss of data
C:\Users\Living Room PC\source\repos\Neodyum\Neodyum\Neodyum\Neodyum.cpp(3761,25): warning C4244: '=': conversion from 'FLOAT' to 'char', possible loss of data
C:\Users\Living Room PC\source\repos\Neodyum\Neodyum\Neodyum\Neodyum.cpp(3767,41): warning C4244: 'argument': conversion from 'double' to 'FLOAT', possible loss of data
C:\Users\Living Room PC\source\repos\Neodyum\Neodyum\Neodyum\Neodyum.cpp(3766,45): warning C4244: 'argument': conversion from 'double' to 'FLOAT', possible loss of data
C:\Users\Living Room PC\source\repos\Neodyum\Neodyum\Neodyum\Neodyum.cpp(3765,27): warning C4244: 'argument': conversion from 'double' to 'FLOAT', possible loss of data
C:\Users\Living Room PC\source\repos\Neodyum\Neodyum\Neodyum\Neodyum.cpp(3764,30): warning C4244: 'argument': conversion from 'double' to 'FLOAT', possible loss of data
C:\Users\Living Room PC\source\repos\Neodyum\Neodyum\Neodyum\Neodyum.cpp(3783,61): warning C4244: 'argument': conversion from 'double' to 'FLOAT', possible loss of data
C:\Users\Living Room PC\source\repos\Neodyum\Neodyum\Neodyum\Neodyum.cpp(3782,61): warning C4244: 'argument': conversion from 'double' to 'FLOAT', possible loss of data
C:\Users\Living Room PC\source\repos\Neodyum\Neodyum\Neodyum\Neodyum.cpp(3781,61): warning C4244: 'argument': conversion from 'double' to 'FLOAT', possible loss of data
C:\Users\Living Room PC\source\repos\Neodyum\Neodyum\Neodyum\Neodyum.cpp(3780,61): warning C4244: 'argument': conversion from 'double' to 'FLOAT', possible loss of data
C:\Users\Living Room PC\source\repos\Neodyum\Neodyum\Neodyum\Neodyum.cpp(3790,65): warning C4244: 'argument': conversion from 'double' to 'FLOAT', possible loss of data
C:\Users\Living Room PC\source\repos\Neodyum\Neodyum\Neodyum\Neodyum.cpp(3807,31): warning C4244: 'argument': conversion from 'double' to 'FLOAT', possible loss of data
C:\Users\Living Room PC\source\repos\Neodyum\Neodyum\Neodyum\Neodyum.cpp(3806,31): warning C4244: 'argument': conversion from 'double' to 'FLOAT', possible loss of data
C:\Users\Living Room PC\source\repos\Neodyum\Neodyum\Neodyum\Neodyum.cpp(3805,31): warning C4244: 'argument': conversion from 'double' to 'FLOAT', possible loss of data
C:\Users\Living Room PC\source\repos\Neodyum\Neodyum\Neodyum\Neodyum.cpp(3804,31): warning C4244: 'argument': conversion from 'double' to 'FLOAT', possible loss of data
C:\Users\Living Room PC\source\repos\Neodyum\Neodyum\Neodyum\Neodyum.cpp(3814,51): warning C4244: 'argument': conversion from 'double' to 'FLOAT', possible loss of data
C:\Users\Living Room PC\source\repos\Neodyum\Neodyum\Neodyum\Neodyum.cpp(3992,33): warning C4244: '=': conversion from 'double' to 'float', possible loss of data
C:\Users\Living Room PC\source\repos\Neodyum\Neodyum\Neodyum\Neodyum.cpp(3993,30): warning C4244: '=': conversion from 'double' to 'float', possible loss of data
C:\Users\Living Room PC\source\repos\Neodyum\Neodyum\Neodyum\Neodyum.cpp(3995,33): warning C4244: '=': conversion from 'double' to 'float', possible loss of data
C:\Users\Living Room PC\source\repos\Neodyum\Neodyum\Neodyum\Neodyum.cpp(4207,25): warning C4244: 'argument': conversion from 'double' to 'FLOAT', possible loss of data
C:\Users\Living Room PC\source\repos\Neodyum\Neodyum\Neodyum\Neodyum.cpp(4206,34): warning C4244: 'argument': conversion from 'double' to 'FLOAT', possible loss of data
C:\Users\Living Room PC\source\repos\Neodyum\Neodyum\Neodyum\Neodyum.cpp(4204,21): warning C4244: 'argument': conversion from 'double' to 'FLOAT', possible loss of data
C:\Users\Living Room PC\source\repos\Neodyum\Neodyum\Neodyum\Neodyum.cpp(4224,25): warning C4244: 'argument': conversion from 'double' to 'FLOAT', possible loss of data
C:\Users\Living Room PC\source\repos\Neodyum\Neodyum\Neodyum\Neodyum.cpp(4223,34): warning C4244: 'argument': conversion from 'double' to 'FLOAT', possible loss of data
C:\Users\Living Room PC\source\repos\Neodyum\Neodyum\Neodyum\Neodyum.cpp(4221,21): warning C4244: 'argument': conversion from 'double' to 'FLOAT', possible loss of data
C:\Users\Living Room PC\source\repos\Neodyum\Neodyum\Neodyum\Neodyum.cpp(4344,45): warning C4244: '=': conversion from 'double' to 'float', possible loss of data
C:\Users\Living Room PC\source\repos\Neodyum\Neodyum\Neodyum\Neodyum.cpp(4347,42): warning C4244: '=': conversion from 'double' to 'float', possible loss of data
C:\Users\Living Room PC\source\repos\Neodyum\Neodyum\Neodyum\Neodyum.cpp(4353,45): warning C4244: '=': conversion from 'double' to 'float', possible loss of data
C:\Users\Living Room PC\source\repos\Neodyum\Neodyum\Neodyum\Neodyum.cpp(4648,82): warning C4244: 'argument': conversion from 'int' to 'FLOAT', possible loss of data
C:\Users\Living Room PC\source\repos\Neodyum\Neodyum\Neodyum\Neodyum.cpp(4648,67): warning C4244: 'argument': conversion from 'double' to 'FLOAT', possible loss of data
C:\Users\Living Room PC\source\repos\Neodyum\Neodyum\Neodyum\Neodyum.cpp(4648,50): warning C4244: 'argument': conversion from 'double' to 'FLOAT', possible loss of data
C:\Users\Living Room PC\source\repos\Neodyum\Neodyum\Neodyum\Neodyum.cpp(4661,24): warning C4244: 'initializing': conversion from 'double' to 'float', possible loss of data
C:\Users\Living Room PC\source\repos\Neodyum\Neodyum\Neodyum\Neodyum.cpp(4662,25): warning C4244: 'initializing': conversion from 'double' to 'float', possible loss of data
C:\Users\Living Room PC\source\repos\Neodyum\Neodyum\Neodyum\Neodyum.cpp(4674,82): warning C4244: 'argument': conversion from 'int' to 'FLOAT', possible loss of data
C:\Users\Living Room PC\source\repos\Neodyum\Neodyum\Neodyum\Neodyum.cpp(4674,67): warning C4244: 'argument': conversion from 'double' to 'FLOAT', possible loss of data
C:\Users\Living Room PC\source\repos\Neodyum\Neodyum\Neodyum\Neodyum.cpp(4674,50): warning C4244: 'argument': conversion from 'double' to 'FLOAT', possible loss of data
C:\Users\Living Room PC\source\repos\Neodyum\Neodyum\Neodyum\Neodyum.cpp(4697,71): warning C4244: 'argument': conversion from 'double' to 'FLOAT', possible loss of data
C:\Users\Living Room PC\source\repos\Neodyum\Neodyum\Neodyum\Neodyum.cpp(4696,71): warning C4244: 'argument': conversion from 'double' to 'FLOAT', possible loss of data
C:\Users\Living Room PC\source\repos\Neodyum\Neodyum\Neodyum\Neodyum.cpp(4695,59): warning C4244: 'argument': conversion from 'double' to 'FLOAT', possible loss of data
C:\Users\Living Room PC\source\repos\Neodyum\Neodyum\Neodyum\Neodyum.cpp(4694,59): warning C4244: 'argument': conversion from 'double' to 'FLOAT', possible loss of data
C:\Users\Living Room PC\source\repos\Neodyum\Neodyum\Neodyum\Neodyum.cpp(4699,39): warning C4244: 'initializing': conversion from 'double' to 'float', possible loss of data
C:\Users\Living Room PC\source\repos\Neodyum\Neodyum\Neodyum\Neodyum.cpp(4700,41): warning C4244: 'initializing': conversion from 'double' to 'float', possible loss of data
C:\Users\Living Room PC\source\repos\Neodyum\Neodyum\Neodyum\Neodyum.cpp(4701,40): warning C4244: 'initializing': conversion from 'double' to 'float', possible loss of data
C:\Users\Living Room PC\source\repos\Neodyum\Neodyum\Neodyum\Neodyum.cpp(4710,47): warning C4244: 'argument': conversion from 'double' to 'FLOAT', possible loss of data
C:\Users\Living Room PC\source\repos\Neodyum\Neodyum\Neodyum\Neodyum.cpp(4709,47): warning C4244: 'argument': conversion from 'double' to 'FLOAT', possible loss of data
C:\Users\Living Room PC\source\repos\Neodyum\Neodyum\Neodyum\Neodyum.cpp(4708,47): warning C4244: 'argument': conversion from 'double' to 'FLOAT', possible loss of data
C:\Users\Living Room PC\source\repos\Neodyum\Neodyum\Neodyum\Neodyum.cpp(4729,93): warning C4244: 'argument': conversion from 'double' to 'FLOAT', possible loss of data
C:\Users\Living Room PC\source\repos\Neodyum\Neodyum\Neodyum\Neodyum.cpp(4728,93): warning C4244: 'argument': conversion from 'double' to 'FLOAT', possible loss of data
C:\Users\Living Room PC\source\repos\Neodyum\Neodyum\Neodyum\Neodyum.cpp(4727,93): warning C4244: 'argument': conversion from 'double' to 'FLOAT', possible loss of data
C:\Users\Living Room PC\source\repos\Neodyum\Neodyum\Neodyum\Neodyum.cpp(4726,93): warning C4244: 'argument': conversion from 'double' to 'FLOAT', possible loss of data
C:\Users\Living Room PC\source\repos\Neodyum\Neodyum\Neodyum\Neodyum.cpp(4752,75): warning C4244: 'argument': conversion from 'double' to 'FLOAT', possible loss of data
C:\Users\Living Room PC\source\repos\Neodyum\Neodyum\Neodyum\Neodyum.cpp(4751,75): warning C4244: 'argument': conversion from 'double' to 'FLOAT', possible loss of data
C:\Users\Living Room PC\source\repos\Neodyum\Neodyum\Neodyum\Neodyum.cpp(4750,75): warning C4244: 'argument': conversion from 'double' to 'FLOAT', possible loss of data
C:\Users\Living Room PC\source\repos\Neodyum\Neodyum\Neodyum\Neodyum.cpp(4749,75): warning C4244: 'argument': conversion from 'double' to 'FLOAT', possible loss of data
C:\Users\Living Room PC\source\repos\Neodyum\Neodyum\Neodyum\Neodyum.cpp(4768,84): warning C4244: 'argument': conversion from 'double' to 'FLOAT', possible loss of data
C:\Users\Living Room PC\source\repos\Neodyum\Neodyum\Neodyum\Neodyum.cpp(4767,84): warning C4244: 'argument': conversion from 'double' to 'FLOAT', possible loss of data
C:\Users\Living Room PC\source\repos\Neodyum\Neodyum\Neodyum\Neodyum.cpp(4766,84): warning C4244: 'argument': conversion from 'double' to 'FLOAT', possible loss of data
C:\Users\Living Room PC\source\repos\Neodyum\Neodyum\Neodyum\Neodyum.cpp(4765,84): warning C4244: 'argument': conversion from 'double' to 'FLOAT', possible loss of data
C:\Users\Living Room PC\source\repos\Neodyum\Neodyum\Neodyum\Neodyum.cpp(4789,87): warning C4244: 'argument': conversion from 'double' to 'FLOAT', possible loss of data
C:\Users\Living Room PC\source\repos\Neodyum\Neodyum\Neodyum\Neodyum.cpp(4788,87): warning C4244: 'argument': conversion from 'double' to 'FLOAT', possible loss of data
C:\Users\Living Room PC\source\repos\Neodyum\Neodyum\Neodyum\Neodyum.cpp(4787,87): warning C4244: 'argument': conversion from 'double' to 'FLOAT', possible loss of data
C:\Users\Living Room PC\source\repos\Neodyum\Neodyum\Neodyum\Neodyum.cpp(4786,87): warning C4244: 'argument': conversion from 'double' to 'FLOAT', possible loss of data
C:\Users\Living Room PC\source\repos\Neodyum\Neodyum\Neodyum\Neodyum.cpp(4799,167): warning C4244: 'argument': conversion from 'double' to 'FLOAT', possible loss of data
C:\Users\Living Room PC\source\repos\Neodyum\Neodyum\Neodyum\Neodyum.cpp(4799,105): warning C4244: 'argument': conversion from 'double' to 'FLOAT', possible loss of data
C:\Users\Living Room PC\source\repos\Neodyum\Neodyum\Neodyum\Neodyum.cpp(4802,85): warning C4244: 'argument': conversion from 'double' to 'FLOAT', possible loss of data
C:\Users\Living Room PC\source\repos\Neodyum\Neodyum\Neodyum\Neodyum.cpp(4822,51): warning C4244: 'argument': conversion from 'double' to 'FLOAT', possible loss of data
C:\Users\Living Room PC\source\repos\Neodyum\Neodyum\Neodyum\Neodyum.cpp(4821,51): warning C4244: 'argument': conversion from 'double' to 'FLOAT', possible loss of data
C:\Users\Living Room PC\source\repos\Neodyum\Neodyum\Neodyum\Neodyum.cpp(4820,51): warning C4244: 'argument': conversion from 'double' to 'FLOAT', possible loss of data
C:\Users\Living Room PC\source\repos\Neodyum\Neodyum\Neodyum\Neodyum.cpp(4819,51): warning C4244: 'argument': conversion from 'double' to 'FLOAT', possible loss of data
C:\Users\Living Room PC\source\repos\Neodyum\Neodyum\Neodyum\Neodyum.cpp(4829,89): warning C4244: 'argument': conversion from 'double' to 'FLOAT', possible loss of data
C:\Users\Living Room PC\source\repos\Neodyum\Neodyum\Neodyum\Neodyum.cpp(4859,47): warning C4244: '=': conversion from 'double' to 'float', possible loss of data
C:\Users\Living Room PC\source\repos\Neodyum\Neodyum\Neodyum\Neodyum.cpp(4862,47): warning C4244: '=': conversion from 'double' to 'float', possible loss of data
C:\Users\Living Room PC\source\repos\Neodyum\Neodyum\Neodyum\Neodyum.cpp(4866,47): warning C4244: '=': conversion from 'double' to 'float', possible loss of data
C:\Users\Living Room PC\source\repos\Neodyum\Neodyum\Neodyum\Neodyum.cpp(4869,47): warning C4244: '=': conversion from 'double' to 'float', possible loss of data
C:\Users\Living Room PC\source\repos\Neodyum\Neodyum\Neodyum\Neodyum.cpp(4886,75): warning C4244: 'argument': conversion from 'int' to 'FLOAT', possible loss of data
C:\Users\Living Room PC\source\repos\Neodyum\Neodyum\Neodyum\Neodyum.cpp(4886,62): warning C4244: 'argument': conversion from 'int' to 'FLOAT', possible loss of data
C:\Users\Living Room PC\source\repos\Neodyum\Neodyum\Neodyum\Neodyum.cpp(4890,121): warning C4244: 'argument': conversion from 'int' to 'FLOAT', possible loss of data
C:\Users\Living Room PC\source\repos\Neodyum\Neodyum\Neodyum\Neodyum.cpp(4890,108): warning C4244: 'argument': conversion from 'int' to 'FLOAT', possible loss of data
C:\Users\Living Room PC\source\repos\Neodyum\Neodyum\Neodyum\Neodyum.cpp(4890,72): warning C4244: 'argument': conversion from 'double' to 'FLOAT', possible loss of data
C:\Users\Living Room PC\source\repos\Neodyum\Neodyum\Neodyum\Neodyum.cpp(4891,105): warning C4244: 'argument': conversion from 'double' to 'FLOAT', possible loss of data
C:\Users\Living Room PC\source\repos\Neodyum\Neodyum\Neodyum\Neodyum.cpp(4891,86): warning C4244: 'argument': conversion from 'double' to 'FLOAT', possible loss of data
C:\Users\Living Room PC\source\repos\Neodyum\Neodyum\Neodyum\Neodyum.cpp(4898,35): warning C4244: 'argument': conversion from 'double' to 'FLOAT', possible loss of data
C:\Users\Living Room PC\source\repos\Neodyum\Neodyum\Neodyum\Neodyum.cpp(4897,35): warning C4244: 'argument': conversion from 'double' to 'FLOAT', possible loss of data
C:\Users\Living Room PC\source\repos\Neodyum\Neodyum\Neodyum\Neodyum.cpp(4896,35): warning C4244: 'argument': conversion from 'double' to 'FLOAT', possible loss of data
C:\Users\Living Room PC\source\repos\Neodyum\Neodyum\Neodyum\Neodyum.cpp(4895,35): warning C4244: 'argument': conversion from 'double' to 'FLOAT', possible loss of data
C:\Users\Living Room PC\source\repos\Neodyum\Neodyum\Neodyum\Neodyum.cpp(4939,35): warning C4244: 'argument': conversion from 'double' to 'FLOAT', possible loss of data
C:\Users\Living Room PC\source\repos\Neodyum\Neodyum\Neodyum\Neodyum.cpp(4938,35): warning C4244: 'argument': conversion from 'double' to 'FLOAT', possible loss of data
C:\Users\Living Room PC\source\repos\Neodyum\Neodyum\Neodyum\Neodyum.cpp(4937,35): warning C4244: 'argument': conversion from 'double' to 'FLOAT', possible loss of data
C:\Users\Living Room PC\source\repos\Neodyum\Neodyum\Neodyum\Neodyum.cpp(4936,35): warning C4244: 'argument': conversion from 'double' to 'FLOAT', possible loss of data
C:\Users\Living Room PC\source\repos\Neodyum\Neodyum\Neodyum\Neodyum.cpp(4946,35): warning C4244: 'argument': conversion from 'double' to 'FLOAT', possible loss of data
C:\Users\Living Room PC\source\repos\Neodyum\Neodyum\Neodyum\Neodyum.cpp(4945,35): warning C4244: 'argument': conversion from 'double' to 'FLOAT', possible loss of data
C:\Users\Living Room PC\source\repos\Neodyum\Neodyum\Neodyum\Neodyum.cpp(4944,35): warning C4244: 'argument': conversion from 'double' to 'FLOAT', possible loss of data
C:\Users\Living Room PC\source\repos\Neodyum\Neodyum\Neodyum\Neodyum.cpp(4943,35): warning C4244: 'argument': conversion from 'double' to 'FLOAT', possible loss of data
C:\Users\Living Room PC\source\repos\Neodyum\Neodyum\Neodyum\Neodyum.cpp(4973,35): warning C4244: 'argument': conversion from 'double' to 'FLOAT', possible loss of data
C:\Users\Living Room PC\source\repos\Neodyum\Neodyum\Neodyum\Neodyum.cpp(4972,35): warning C4244: 'argument': conversion from 'double' to 'FLOAT', possible loss of data
C:\Users\Living Room PC\source\repos\Neodyum\Neodyum\Neodyum\Neodyum.cpp(4971,35): warning C4244: 'argument': conversion from 'double' to 'FLOAT', possible loss of data
C:\Users\Living Room PC\source\repos\Neodyum\Neodyum\Neodyum\Neodyum.cpp(4970,35): warning C4244: 'argument': conversion from 'double' to 'FLOAT', possible loss of data
C:\Users\Living Room PC\source\repos\Neodyum\Neodyum\Neodyum\Neodyum.cpp(4990,56): warning C4244: '=': conversion from 'double' to 'float', possible loss of data
C:\Users\Living Room PC\source\repos\Neodyum\Neodyum\Neodyum\Neodyum.cpp(4993,56): warning C4244: '=': conversion from 'double' to 'float', possible loss of data
C:\Users\Living Room PC\source\repos\Neodyum\Neodyum\Neodyum\Neodyum.cpp(4997,56): warning C4244: '=': conversion from 'double' to 'float', possible loss of data
C:\Users\Living Room PC\source\repos\Neodyum\Neodyum\Neodyum\Neodyum.cpp(5000,56): warning C4244: '=': conversion from 'double' to 'float', possible loss of data
C:\Users\Living Room PC\source\repos\Neodyum\Neodyum\Neodyum\Neodyum.cpp(5006,33): warning C4244: 'argument': conversion from 'double' to 'FLOAT', possible loss of data
C:\Users\Living Room PC\source\repos\Neodyum\Neodyum\Neodyum\Neodyum.cpp(5005,33): warning C4244: 'argument': conversion from 'double' to 'FLOAT', possible loss of data
C:\Users\Living Room PC\source\repos\Neodyum\Neodyum\Neodyum\Neodyum.cpp(5004,33): warning C4244: 'argument': conversion from 'double' to 'FLOAT', possible loss of data
C:\Users\Living Room PC\source\repos\Neodyum\Neodyum\Neodyum\Neodyum.cpp(5003,64): warning C4244: 'argument': conversion from 'double' to 'FLOAT', possible loss of data
C:\Users\Living Room PC\source\repos\Neodyum\Neodyum\Neodyum\Neodyum.cpp(5014,35): warning C4244: 'argument': conversion from 'double' to 'FLOAT', possible loss of data
C:\Users\Living Room PC\source\repos\Neodyum\Neodyum\Neodyum\Neodyum.cpp(5013,35): warning C4244: 'argument': conversion from 'double' to 'FLOAT', possible loss of data
C:\Users\Living Room PC\source\repos\Neodyum\Neodyum\Neodyum\Neodyum.cpp(5012,35): warning C4244: 'argument': conversion from 'double' to 'FLOAT', possible loss of data
C:\Users\Living Room PC\source\repos\Neodyum\Neodyum\Neodyum\Neodyum.cpp(5011,35): warning C4244: 'argument': conversion from 'double' to 'FLOAT', possible loss of data
C:\Users\Living Room PC\source\repos\Neodyum\Neodyum\Neodyum\Neodyum.cpp(5035,47): warning C4244: '=': conversion from 'double' to 'float', possible loss of data
C:\Users\Living Room PC\source\repos\Neodyum\Neodyum\Neodyum\Neodyum.cpp(5038,47): warning C4244: '=': conversion from 'double' to 'float', possible loss of data
C:\Users\Living Room PC\source\repos\Neodyum\Neodyum\Neodyum\Neodyum.cpp(5042,47): warning C4244: '=': conversion from 'double' to 'float', possible loss of data
C:\Users\Living Room PC\source\repos\Neodyum\Neodyum\Neodyum\Neodyum.cpp(5045,47): warning C4244: '=': conversion from 'double' to 'float', possible loss of data
C:\Users\Living Room PC\source\repos\Neodyum\Neodyum\Neodyum\Neodyum.cpp(5051,37): warning C4244: 'argument': conversion from 'double' to 'FLOAT', possible loss of data
C:\Users\Living Room PC\source\repos\Neodyum\Neodyum\Neodyum\Neodyum.cpp(5050,37): warning C4244: 'argument': conversion from 'double' to 'FLOAT', possible loss of data
C:\Users\Living Room PC\source\repos\Neodyum\Neodyum\Neodyum\Neodyum.cpp(5049,37): warning C4244: 'argument': conversion from 'double' to 'FLOAT', possible loss of data
C:\Users\Living Room PC\source\repos\Neodyum\Neodyum\Neodyum\Neodyum.cpp(5048,37): warning C4244: 'argument': conversion from 'double' to 'FLOAT', possible loss of data
C:\Users\Living Room PC\source\repos\Neodyum\Neodyum\Neodyum\Neodyum.cpp(5059,83): warning C4244: 'argument': conversion from 'double' to 'FLOAT', possible loss of data
C:\Users\Living Room PC\source\repos\Neodyum\Neodyum\Neodyum\Neodyum.cpp(5058,83): warning C4244: 'argument': conversion from 'double' to 'FLOAT', possible loss of data
C:\Users\Living Room PC\source\repos\Neodyum\Neodyum\Neodyum\Neodyum.cpp(5057,83): warning C4244: 'argument': conversion from 'double' to 'FLOAT', possible loss of data
C:\Users\Living Room PC\source\repos\Neodyum\Neodyum\Neodyum\Neodyum.cpp(5056,83): warning C4244: 'argument': conversion from 'double' to 'FLOAT', possible loss of data
C:\Users\Living Room PC\source\repos\Neodyum\Neodyum\Neodyum\Neodyum.cpp(5067,73): warning C4244: 'argument': conversion from 'double' to 'FLOAT', possible loss of data
C:\Users\Living Room PC\source\repos\Neodyum\Neodyum\Neodyum\Neodyum.cpp(5112,79): warning C4244: 'argument': conversion from 'double' to 'FLOAT', possible loss of data
C:\Users\Living Room PC\source\repos\Neodyum\Neodyum\Neodyum\Neodyum.cpp(5111,79): warning C4244: 'argument': conversion from 'double' to 'FLOAT', possible loss of data
C:\Users\Living Room PC\source\repos\Neodyum\Neodyum\Neodyum\Neodyum.cpp(5110,79): warning C4244: 'argument': conversion from 'double' to 'FLOAT', possible loss of data
C:\Users\Living Room PC\source\repos\Neodyum\Neodyum\Neodyum\Neodyum.cpp(5109,79): warning C4244: 'argument': conversion from 'double' to 'FLOAT', possible loss of data
C:\Users\Living Room PC\source\repos\Neodyum\Neodyum\Neodyum\Neodyum.cpp(5119,73): warning C4244: 'argument': conversion from 'double' to 'FLOAT', possible loss of data
C:\Users\Living Room PC\source\repos\Neodyum\Neodyum\Neodyum\Neodyum.cpp(5172,32): warning C4244: 'argument': conversion from 'double' to 'FLOAT', possible loss of data
C:\Users\Living Room PC\source\repos\Neodyum\Neodyum\Neodyum\Neodyum.cpp(5171,56): warning C4244: 'argument': conversion from 'double' to 'FLOAT', possible loss of data
C:\Users\Living Room PC\source\repos\Neodyum\Neodyum\Neodyum\Neodyum.cpp(5170,20): warning C4244: 'argument': conversion from 'double' to 'FLOAT', possible loss of data
C:\Users\Living Room PC\source\repos\Neodyum\Neodyum\Neodyum\Neodyum.cpp(5169,31): warning C4244: 'argument': conversion from 'double' to 'FLOAT', possible loss of data
C:\Users\Living Room PC\source\repos\Neodyum\Neodyum\Neodyum\Neodyum.cpp(5220,36): warning C4244: 'argument': conversion from 'double' to 'FLOAT', possible loss of data
C:\Users\Living Room PC\source\repos\Neodyum\Neodyum\Neodyum\Neodyum.cpp(5219,82): warning C4244: 'argument': conversion from 'double' to 'FLOAT', possible loss of data
C:\Users\Living Room PC\source\repos\Neodyum\Neodyum\Neodyum\Neodyum.cpp(5218,24): warning C4244: 'argument': conversion from 'double' to 'FLOAT', possible loss of data
C:\Users\Living Room PC\source\repos\Neodyum\Neodyum\Neodyum\Neodyum.cpp(5217,57): warning C4244: 'argument': conversion from 'double' to 'FLOAT', possible loss of data
C:\Users\Living Room PC\source\repos\Neodyum\Neodyum\Neodyum\Neodyum.cpp(5223,31): warning C4244: '+=': conversion from 'FLOAT' to 'int', possible loss of data
C:\Users\Living Room PC\source\repos\Neodyum\Neodyum\Neodyum\Neodyum.cpp(5238,75): warning C4244: 'argument': conversion from 'double' to 'FLOAT', possible loss of data
C:\Users\Living Room PC\source\repos\Neodyum\Neodyum\Neodyum\Neodyum.cpp(5238,39): warning C4244: 'argument': conversion from 'double' to 'FLOAT', possible loss of data
C:\Users\Living Room PC\source\repos\Neodyum\Neodyum\Neodyum\Neodyum.cpp(5237,44): warning C4244: 'argument': conversion from 'double' to 'FLOAT', possible loss of data
C:\Users\Living Room PC\source\repos\Neodyum\Neodyum\Neodyum\Neodyum.cpp(5237,33): warning C4244: 'argument': conversion from 'double' to 'FLOAT', possible loss of data
C:\Users\Living Room PC\source\repos\Neodyum\Neodyum\Neodyum\Neodyum.cpp(5251,126): warning C4244: 'argument': conversion from 'double' to 'FLOAT', possible loss of data
C:\Users\Living Room PC\source\repos\Neodyum\Neodyum\Neodyum\Neodyum.cpp(5251,39): warning C4244: 'argument': conversion from 'double' to 'FLOAT', possible loss of data
C:\Users\Living Room PC\source\repos\Neodyum\Neodyum\Neodyum\Neodyum.cpp(5250,44): warning C4244: 'argument': conversion from 'double' to 'FLOAT', possible loss of data
C:\Users\Living Room PC\source\repos\Neodyum\Neodyum\Neodyum\Neodyum.cpp(5250,33): warning C4244: 'argument': conversion from 'double' to 'FLOAT', possible loss of data
C:\Users\Living Room PC\source\repos\Neodyum\Neodyum\Neodyum\Neodyum.cpp(5255,40): warning C4244: 'argument': conversion from 'double' to 'FLOAT', possible loss of data
C:\Users\Living Room PC\source\repos\Neodyum\Neodyum\Neodyum\Neodyum.cpp(5269,171): warning C4244: 'argument': conversion from 'double' to 'FLOAT', possible loss of data
C:\Users\Living Room PC\source\repos\Neodyum\Neodyum\Neodyum\Neodyum.cpp(5269,39): warning C4244: 'argument': conversion from 'double' to 'FLOAT', possible loss of data
C:\Users\Living Room PC\source\repos\Neodyum\Neodyum\Neodyum\Neodyum.cpp(5268,44): warning C4244: 'argument': conversion from 'double' to 'FLOAT', possible loss of data
C:\Users\Living Room PC\source\repos\Neodyum\Neodyum\Neodyum\Neodyum.cpp(5268,33): warning C4244: 'argument': conversion from 'double' to 'FLOAT', possible loss of data
C:\Users\Living Room PC\source\repos\Neodyum\Neodyum\Neodyum\Neodyum.cpp(5273,40): warning C4244: 'argument': conversion from 'double' to 'FLOAT', possible loss of data
C:\Users\Living Room PC\source\repos\Neodyum\Neodyum\Neodyum\Neodyum.cpp(5288,110): warning C4244: 'argument': conversion from 'double' to 'FLOAT', possible loss of data
C:\Users\Living Room PC\source\repos\Neodyum\Neodyum\Neodyum\Neodyum.cpp(5288,39): warning C4244: 'argument': conversion from 'double' to 'FLOAT', possible loss of data
C:\Users\Living Room PC\source\repos\Neodyum\Neodyum\Neodyum\Neodyum.cpp(5287,44): warning C4244: 'argument': conversion from 'double' to 'FLOAT', possible loss of data
C:\Users\Living Room PC\source\repos\Neodyum\Neodyum\Neodyum\Neodyum.cpp(5287,33): warning C4244: 'argument': conversion from 'double' to 'FLOAT', possible loss of data
C:\Users\Living Room PC\source\repos\Neodyum\Neodyum\Neodyum\Neodyum.cpp(5292,40): warning C4244: 'argument': conversion from 'double' to 'FLOAT', possible loss of data
C:\Users\Living Room PC\source\repos\Neodyum\Neodyum\Neodyum\Neodyum.cpp(5306,153): warning C4244: 'argument': conversion from 'double' to 'FLOAT', possible loss of data
C:\Users\Living Room PC\source\repos\Neodyum\Neodyum\Neodyum\Neodyum.cpp(5306,39): warning C4244: 'argument': conversion from 'double' to 'FLOAT', possible loss of data
C:\Users\Living Room PC\source\repos\Neodyum\Neodyum\Neodyum\Neodyum.cpp(5305,44): warning C4244: 'argument': conversion from 'double' to 'FLOAT', possible loss of data
C:\Users\Living Room PC\source\repos\Neodyum\Neodyum\Neodyum\Neodyum.cpp(5305,33): warning C4244: 'argument': conversion from 'double' to 'FLOAT', possible loss of data
C:\Users\Living Room PC\source\repos\Neodyum\Neodyum\Neodyum\Neodyum.cpp(5310,40): warning C4244: 'argument': conversion from 'double' to 'FLOAT', possible loss of data
C:\Users\Living Room PC\source\repos\Neodyum\Neodyum\Neodyum\Neodyum.cpp(5341,29): warning C4244: 'argument': conversion from 'double' to 'FLOAT', possible loss of data
C:\Users\Living Room PC\source\repos\Neodyum\Neodyum\Neodyum\Neodyum.cpp(5340,44): warning C4244: 'argument': conversion from 'double' to 'FLOAT', possible loss of data
C:\Users\Living Room PC\source\repos\Neodyum\Neodyum\Neodyum\Neodyum.cpp(5339,29): warning C4244: 'argument': conversion from 'double' to 'FLOAT', possible loss of data
C:\Users\Living Room PC\source\repos\Neodyum\Neodyum\Neodyum\Neodyum.cpp(5338,44): warning C4244: 'argument': conversion from 'double' to 'FLOAT', possible loss of data
C:\Users\Living Room PC\source\repos\Neodyum\Neodyum\Neodyum\Neodyum.cpp(5352,56): warning C4244: '=': conversion from 'double' to 'float', possible loss of data
C:\Users\Living Room PC\source\repos\Neodyum\Neodyum\Neodyum\Neodyum.cpp(5353,56): warning C4244: '=': conversion from 'double' to 'float', possible loss of data
C:\Users\Living Room PC\source\repos\Neodyum\Neodyum\Neodyum\Neodyum.cpp(5358,33): warning C4244: 'argument': conversion from 'double' to 'FLOAT', possible loss of data
C:\Users\Living Room PC\source\repos\Neodyum\Neodyum\Neodyum\Neodyum.cpp(5357,48): warning C4244: 'argument': conversion from 'double' to 'FLOAT', possible loss of data
C:\Users\Living Room PC\source\repos\Neodyum\Neodyum\Neodyum\Neodyum.cpp(5356,33): warning C4244: 'argument': conversion from 'double' to 'FLOAT', possible loss of data
C:\Users\Living Room PC\source\repos\Neodyum\Neodyum\Neodyum\Neodyum.cpp(5355,48): warning C4244: 'argument': conversion from 'double' to 'FLOAT', possible loss of data
C:\Users\Living Room PC\source\repos\Neodyum\Neodyum\Neodyum\Neodyum.cpp(5367,49): warning C4244: '=': conversion from 'double' to 'float', possible loss of data
C:\Users\Living Room PC\source\repos\Neodyum\Neodyum\Neodyum\Neodyum.cpp(5368,49): warning C4244: '=': conversion from 'double' to 'float', possible loss of data
C:\Users\Living Room PC\source\repos\Neodyum\Neodyum\Neodyum\Neodyum.cpp(5373,37): warning C4244: 'argument': conversion from 'double' to 'FLOAT', possible loss of data
C:\Users\Living Room PC\source\repos\Neodyum\Neodyum\Neodyum\Neodyum.cpp(5372,52): warning C4244: 'argument': conversion from 'double' to 'FLOAT', possible loss of data
C:\Users\Living Room PC\source\repos\Neodyum\Neodyum\Neodyum\Neodyum.cpp(5371,37): warning C4244: 'argument': conversion from 'double' to 'FLOAT', possible loss of data
C:\Users\Living Room PC\source\repos\Neodyum\Neodyum\Neodyum\Neodyum.cpp(5370,52): warning C4244: 'argument': conversion from 'double' to 'FLOAT', possible loss of data
C:\Users\Living Room PC\source\repos\Neodyum\Neodyum\Neodyum\Neodyum.cpp(5380,43): warning C4244: '=': conversion from 'double' to 'float', possible loss of data
C:\Users\Living Room PC\source\repos\Neodyum\Neodyum\Neodyum\Neodyum.cpp(5381,43): warning C4244: '=': conversion from 'double' to 'float', possible loss of data
C:\Users\Living Room PC\source\repos\Neodyum\Neodyum\Neodyum\Neodyum.cpp(5386,29): warning C4244: 'argument': conversion from 'double' to 'FLOAT', possible loss of data
C:\Users\Living Room PC\source\repos\Neodyum\Neodyum\Neodyum\Neodyum.cpp(5385,44): warning C4244: 'argument': conversion from 'double' to 'FLOAT', possible loss of data
C:\Users\Living Room PC\source\repos\Neodyum\Neodyum\Neodyum\Neodyum.cpp(5384,29): warning C4244: 'argument': conversion from 'double' to 'FLOAT', possible loss of data
C:\Users\Living Room PC\source\repos\Neodyum\Neodyum\Neodyum\Neodyum.cpp(5383,44): warning C4244: 'argument': conversion from 'double' to 'FLOAT', possible loss of data
C:\Users\Living Room PC\source\repos\Neodyum\Neodyum\Neodyum\Neodyum.cpp(5422,78): warning C4244: 'argument': conversion from 'int' to 'FLOAT', possible loss of data
C:\Users\Living Room PC\source\repos\Neodyum\Neodyum\Neodyum\Neodyum.cpp(5422,63): warning C4244: 'argument': conversion from 'double' to 'FLOAT', possible loss of data
C:\Users\Living Room PC\source\repos\Neodyum\Neodyum\Neodyum\Neodyum.cpp(5422,46): warning C4244: 'argument': conversion from 'double' to 'FLOAT', possible loss of data
C:\Program Files\Microsoft Visual Studio\18\Community\VC\Tools\MSVC\14.44.35207\include\xmemory(732,103): warning C4244: 'argument': conversion from '_Ty' to 'float', possible loss of data
C:\Program Files\Microsoft Visual Studio\18\Community\VC\Tools\MSVC\14.44.35207\include\xmemory(732,103): warning C4244:         with
C:\Program Files\Microsoft Visual Studio\18\Community\VC\Tools\MSVC\14.44.35207\include\xmemory(732,103): warning C4244:         [
C:\Program Files\Microsoft Visual Studio\18\Community\VC\Tools\MSVC\14.44.35207\include\xmemory(732,103): warning C4244:             _Ty=int
C:\Program Files\Microsoft Visual Studio\18\Community\VC\Tools\MSVC\14.44.35207\include\xmemory(732,103): warning C4244:         ]
  (compiling source file 'Neodyum.cpp')
      C:\Program Files\Microsoft Visual Studio\18\Community\VC\Tools\MSVC\14.44.35207\include\xmemory(732,103):
      the template instantiation context (the oldest one first) is
          C:\Users\Living Room PC\source\repos\Neodyum\Neodyum\Neodyum\Neodyum.cpp(2280,13):
          see reference to function template instantiation 'Object &std::vector<Object,std::allocator<Object>>::emplace_back<const wchar_t(&)[13],float&,float&,int,LPCWSTR&,bool,int,LPCWSTR&,LPCWSTR&,double,double,bool,bool,bool>(const wchar_t (&)[13],float &,float &,int &&,LPCWSTR &,bool &&,int &&,LPCWSTR &,LPCWSTR &,double &&,double &&,bool &&,bool &&,bool &&)' being compiled
              C:\Users\Living Room PC\source\repos\Neodyum\Neodyum\Neodyum\Neodyum.cpp(2280,25):
              see the first reference to 'std::vector<Object,std::allocator<Object>>::emplace_back' in 'InitializeBomberDrone'
          C:\Program Files\Microsoft Visual Studio\18\Community\VC\Tools\MSVC\14.44.35207\include\vector(924,24):
          see reference to function template instantiation '_Ty &std::vector<_Ty,std::allocator<_Ty>>::_Emplace_one_at_back<const wchar_t(&)[13],float&,float&,int,const wchar_t*&,bool,int,const wchar_t*&,const wchar_t*&,double,double,bool,bool,bool>(const wchar_t (&)[13],float &,float &,int &&,const wchar_t *&,bool &&,int &&,const wchar_t *&,const wchar_t *&,double &&,double &&,bool &&,bool &&,bool &&)' being compiled
          with
          [
              _Ty=Object
          ]
          C:\Program Files\Microsoft Visual Studio\18\Community\VC\Tools\MSVC\14.44.35207\include\vector(845,20):
          see reference to function template instantiation '_Ty &std::vector<_Ty,std::allocator<_Ty>>::_Emplace_back_with_unused_capacity<const wchar_t(&)[13],float&,float&,int,const wchar_t*&,bool,int,const wchar_t*&,const wchar_t*&,double,double,bool,bool,bool>(const wchar_t (&)[13],float &,float &,int &&,const wchar_t *&,bool &&,int &&,const wchar_t *&,const wchar_t *&,double &&,double &&,bool &&,bool &&,bool &&)' being compiled
          with
          [
              _Ty=Object
          ]
          C:\Program Files\Microsoft Visual Studio\18\Community\VC\Tools\MSVC\14.44.35207\include\vector(863,27):
          see reference to function template instantiation 'void std::_Default_allocator_traits<_Alloc>::construct<_Ty,const wchar_t(&)[13],float&,float&,int,const wchar_t*&,bool,int,const wchar_t*&,const wchar_t*&,double,double,bool,bool,bool>(_Alloc &,_Objty *const ,const wchar_t (&)[13],float &,float &,int &&,const wchar_t *&,bool &&,int &&,const wchar_t *&,const wchar_t *&,double &&,double &&,bool &&,bool &&,bool &&)' being compiled
          with
          [
              _Alloc=std::allocator<Object>,
              _Ty=Object,
              _Objty=Object
          ]
  
  Neodyum.vcxproj -> C:\Users\Living Room PC\source\repos\Neodyum\Neodyum\x64\Debug\Neodyum.exe
  'pwsh.exe' is not recognized as an internal or external command,
  operable program or batch file.
